<?xml version="1.0" encoding="UTF-8"?>
<!-- Generated by org.testng.reporters.JUnitReportReporter -->
<testsuite hostname="GAYATHIV-M-91R3" name="oneKosmos_UITest.UITest" tests="1" failures="0" timestamp="30 Jan 2021 18:48:45 GMT" time="79.417" errors="0">
  <testcase name="myPediaTest" time="79.417" classname="oneKosmos_UITest.UITest"/>
</testsuite> <!-- oneKosmos_UITest.UITest -->
